  Outrun.cpp
c:\users\kjm\source\repos\outrun\outrun\outrun.cpp(8): warning C4305: '초기화 중': 'double'에서 'float'(으)로 잘립니다.
c:\users\kjm\source\repos\outrun\outrun\outrun.cpp(46): warning C4244: '인수': 'float'에서 'int'(으)로 변환하면서 데이터가 손실될 수 있습니다.
c:\users\kjm\source\repos\outrun\outrun\outrun.cpp(59): warning C4244: '인수': 'int'에서 'float'(으)로 변환하면서 데이터가 손실될 수 있습니다.
c:\users\kjm\source\repos\outrun\outrun\outrun.cpp(60): warning C4244: '인수': 'int'에서 'float'(으)로 변환하면서 데이터가 손실될 수 있습니다.
c:\users\kjm\source\repos\outrun\outrun\outrun.cpp(61): warning C4244: '인수': 'int'에서 'float'(으)로 변환하면서 데이터가 손실될 수 있습니다.
c:\users\kjm\source\repos\outrun\outrun\outrun.cpp(62): warning C4244: '인수': 'int'에서 'float'(으)로 변환하면서 데이터가 손실될 수 있습니다.
c:\users\kjm\source\repos\outrun\outrun\outrun.cpp(92): warning C4244: '=': 'int'에서 'float'(으)로 변환하면서 데이터가 손실될 수 있습니다.
c:\users\kjm\source\repos\outrun\outrun\outrun.cpp(96): warning C4244: '=': 'double'에서 'float'(으)로 변환하면서 데이터가 손실될 수 있습니다.
c:\users\kjm\source\repos\outrun\outrun\outrun.cpp(100): warning C4305: '=': 'double'에서 'float'(으)로 잘립니다.
c:\users\kjm\source\repos\outrun\outrun\outrun.cpp(101): warning C4305: '=': 'double'에서 'float'(으)로 잘립니다.
c:\users\kjm\source\repos\outrun\outrun\outrun.cpp(102): warning C4305: '=': 'double'에서 'float'(으)로 잘립니다.
c:\users\kjm\source\repos\outrun\outrun\outrun.cpp(130): warning C4244: '초기화 중': 'float'에서 'int'(으)로 변환하면서 데이터가 손실될 수 있습니다.
c:\users\kjm\source\repos\outrun\outrun\outrun.cpp(138): warning C4244: '인수': 'float'에서 'int'(으)로 변환하면서 데이터가 손실될 수 있습니다.
c:\users\kjm\source\repos\outrun\outrun\outrun.cpp(142): warning C4244: '=': 'int'에서 'float'(으)로 변환하면서 데이터가 손실될 수 있습니다.
c:\users\kjm\source\repos\outrun\outrun\outrun.cpp(144): warning C4244: '=': 'float'에서 'int'(으)로 변환하면서 데이터가 손실될 수 있습니다.
c:\users\kjm\source\repos\outrun\outrun\outrun.cpp(152): warning C4244: '인수': 'float'에서 'int'(으)로 변환하면서 데이터가 손실될 수 있습니다.
c:\users\kjm\source\repos\outrun\outrun\outrun.cpp(153): warning C4244: '인수': 'double'에서 'int'(으)로 변환하면서 데이터가 손실될 수 있습니다.
c:\users\kjm\source\repos\outrun\outrun\outrun.cpp(153): warning C4244: '인수': 'float'에서 'int'(으)로 변환하면서 데이터가 손실될 수 있습니다.
c:\users\kjm\source\repos\outrun\outrun\outrun.cpp(154): warning C4244: '인수': 'float'에서 'int'(으)로 변환하면서 데이터가 손실될 수 있습니다.
  코드를 생성하고 있습니다.
  1 of 164 functions ( 0.6%) were compiled, the rest were copied from previous compilation.
    0 functions were new in current compilation
    0 functions had inline decision re-evaluated but remain unchanged
  코드를 생성했습니다.
  Outrun.vcxproj -> C:\Users\KJM\source\repos\Outrun\Release\Outrun.exe
